2024-07-29 06:46:20,381 INFO: Updating smart contract version 16 [in /Users/bilal/Documents/comsc/kings/individual-project/Tokenize/backend/app/smart_contract/routes.py:180]
2024-07-29 06:46:20,386 INFO: Updating smart contract version 17 [in /Users/bilal/Documents/comsc/kings/individual-project/Tokenize/backend/app/smart_contract/routes.py:180]
2024-07-29 06:46:20,387 INFO: Updating smart contract version 18 [in /Users/bilal/Documents/comsc/kings/individual-project/Tokenize/backend/app/smart_contract/routes.py:180]
2024-07-29 06:46:20,388 INFO: Updating smart contract version 19 [in /Users/bilal/Documents/comsc/kings/individual-project/Tokenize/backend/app/smart_contract/routes.py:180]
2024-07-29 06:46:20,389 INFO: Updating smart contract version 20 [in /Users/bilal/Documents/comsc/kings/individual-project/Tokenize/backend/app/smart_contract/routes.py:180]
2024-07-29 06:46:20,389 INFO: Updating smart contract version 21 [in /Users/bilal/Documents/comsc/kings/individual-project/Tokenize/backend/app/smart_contract/routes.py:180]
2024-07-29 06:52:15,104 INFO: Flask API startup [in /Users/bilal/Documents/comsc/kings/individual-project/Tokenize/backend/app/__init__.py:71]
2024-07-29 06:55:00,707 ERROR: Database error: (psycopg2.errors.NotNullViolation) null value in column "smart_contract_id" of relation "smart_contract_version" violates not-null constraint
DETAIL:  Failing row contains (2, // SPDX-License-Identifier: MIT
pragma solidity ^0.8.26;

contra..., [{"function_name":"constructor","code":"constructor(address _bor..., 2024-07-29 03:50:49.397527, null, 2024-07-29 03:50:49.397531, Loan Contract, ["Principal amount: 30 ETH","Interest rate: 5%","Loan duration: ..., f).

[SQL: UPDATE smart_contract_version SET smart_contract_id=%(smart_contract_id)s WHERE smart_contract_version.id = %(smart_contract_version_id)s]
[parameters: [{'smart_contract_id': None, 'smart_contract_version_id': 2}, {'smart_contract_id': None, 'smart_contract_version_id': 3}, {'smart_contract_id': None, 'smart_contract_version_id': 4}, {'smart_contract_id': None, 'smart_contract_version_id': 5}, {'smart_contract_id': None, 'smart_contract_version_id': 6}, {'smart_contract_id': None, 'smart_contract_version_id': 7}, {'smart_contract_id': None, 'smart_contract_version_id': 8}, {'smart_contract_id': None, 'smart_contract_version_id': 9}  ... displaying 10 of 20 total bound parameter sets ...  {'smart_contract_id': None, 'smart_contract_version_id': 20}, {'smart_contract_id': None, 'smart_contract_version_id': 21}]]
(Background on this error at: https://sqlalche.me/e/20/gkpj) [in /Users/bilal/Documents/comsc/kings/individual-project/Tokenize/backend/app/smart_contract/routes.py:233]
2024-07-29 06:56:38,882 INFO: Flask API startup [in /Users/bilal/Documents/comsc/kings/individual-project/Tokenize/backend/app/__init__.py:71]
2024-07-29 06:57:47,236 INFO: Generating smart contract... [in /Users/bilal/Documents/comsc/kings/individual-project/Tokenize/backend/app/ai/routes.py:38]
2024-07-29 06:57:48,523 INFO: classify [in /Users/bilal/Documents/comsc/kings/individual-project/Tokenize/backend/app/ai/routes.py:52]
2024-07-29 06:58:10,432 INFO: generate [in /Users/bilal/Documents/comsc/kings/individual-project/Tokenize/backend/app/ai/routes.py:52]
2024-07-29 06:58:18,308 INFO: functions [in /Users/bilal/Documents/comsc/kings/individual-project/Tokenize/backend/app/ai/routes.py:52]
2024-07-29 06:58:27,500 INFO: Generating smart contract... [in /Users/bilal/Documents/comsc/kings/individual-project/Tokenize/backend/app/ai/routes.py:38]
2024-07-29 06:58:28,959 INFO: classify [in /Users/bilal/Documents/comsc/kings/individual-project/Tokenize/backend/app/ai/routes.py:52]
2024-07-29 06:58:48,835 INFO: generate [in /Users/bilal/Documents/comsc/kings/individual-project/Tokenize/backend/app/ai/routes.py:52]
2024-07-29 06:59:41,523 INFO: Generating smart contract... [in /Users/bilal/Documents/comsc/kings/individual-project/Tokenize/backend/app/ai/routes.py:38]
2024-07-29 06:59:42,895 INFO: classify [in /Users/bilal/Documents/comsc/kings/individual-project/Tokenize/backend/app/ai/routes.py:52]
2024-07-29 07:00:03,768 INFO: generate [in /Users/bilal/Documents/comsc/kings/individual-project/Tokenize/backend/app/ai/routes.py:52]
2024-07-29 07:00:11,980 INFO: functions [in /Users/bilal/Documents/comsc/kings/individual-project/Tokenize/backend/app/ai/routes.py:52]
2024-07-29 07:00:11,992 INFO: check_code [in /Users/bilal/Documents/comsc/kings/individual-project/Tokenize/backend/app/ai/routes.py:52]
2024-07-29 07:01:15,684 INFO: Generating smart contract... [in /Users/bilal/Documents/comsc/kings/individual-project/Tokenize/backend/app/ai/routes.py:38]
2024-07-29 07:01:17,649 INFO: classify [in /Users/bilal/Documents/comsc/kings/individual-project/Tokenize/backend/app/ai/routes.py:52]
2024-07-29 07:01:38,971 INFO: generate [in /Users/bilal/Documents/comsc/kings/individual-project/Tokenize/backend/app/ai/routes.py:52]
2024-07-29 07:01:48,307 INFO: functions [in /Users/bilal/Documents/comsc/kings/individual-project/Tokenize/backend/app/ai/routes.py:52]
2024-07-29 07:02:54,605 INFO: Generating smart contract... [in /Users/bilal/Documents/comsc/kings/individual-project/Tokenize/backend/app/ai/routes.py:38]
2024-07-29 07:02:55,861 INFO: classify [in /Users/bilal/Documents/comsc/kings/individual-project/Tokenize/backend/app/ai/routes.py:52]
2024-07-29 07:03:16,700 INFO: generate [in /Users/bilal/Documents/comsc/kings/individual-project/Tokenize/backend/app/ai/routes.py:52]
2024-07-29 07:03:25,790 INFO: functions [in /Users/bilal/Documents/comsc/kings/individual-project/Tokenize/backend/app/ai/routes.py:52]
2024-07-29 07:03:25,795 INFO: check_code [in /Users/bilal/Documents/comsc/kings/individual-project/Tokenize/backend/app/ai/routes.py:52]
2024-07-29 08:15:32,201 INFO: Generating smart contract... [in /Users/bilal/Documents/comsc/kings/individual-project/Tokenize/backend/app/ai/routes.py:38]
2024-07-29 08:15:34,094 INFO: classify [in /Users/bilal/Documents/comsc/kings/individual-project/Tokenize/backend/app/ai/routes.py:52]
2024-07-29 08:15:57,348 INFO: generate [in /Users/bilal/Documents/comsc/kings/individual-project/Tokenize/backend/app/ai/routes.py:52]
2024-07-29 08:16:06,656 INFO: functions [in /Users/bilal/Documents/comsc/kings/individual-project/Tokenize/backend/app/ai/routes.py:52]
2024-07-29 08:16:06,663 INFO: check_code [in /Users/bilal/Documents/comsc/kings/individual-project/Tokenize/backend/app/ai/routes.py:52]
2024-07-29 08:17:18,189 INFO: Generating smart contract... [in /Users/bilal/Documents/comsc/kings/individual-project/Tokenize/backend/app/ai/routes.py:38]
2024-07-29 08:17:19,774 INFO: classify [in /Users/bilal/Documents/comsc/kings/individual-project/Tokenize/backend/app/ai/routes.py:52]
2024-07-29 08:17:42,403 INFO: generate [in /Users/bilal/Documents/comsc/kings/individual-project/Tokenize/backend/app/ai/routes.py:52]
2024-07-29 08:17:55,409 INFO: functions [in /Users/bilal/Documents/comsc/kings/individual-project/Tokenize/backend/app/ai/routes.py:52]
2024-07-29 08:17:55,416 INFO: check_code [in /Users/bilal/Documents/comsc/kings/individual-project/Tokenize/backend/app/ai/routes.py:52]
